<?xml version="1.0" encoding="UTF-8" ?>
<testsuite tests="25" failures="0" name="com.blade.BladeTest" time="9.951" errors="0" skipped="0">
  <properties>
[...]
</properties>
  <testcase classname="com.blade.BladeTest" name="testDisableSession" time="0"/>
  <testcase classname="com.blade.BladeTest" name="testThreadName" time="0"/>
  <testcase classname="com.blade.BladeTest" name="testBannerText" time="0"/>
  <testcase classname="com.blade.BladeTest" name="testBootConf" time="0"/>
  <testcase classname="com.blade.BladeTest" name="testEnv" time="0"/>
  <testcase classname="com.blade.BladeTest" name="testUse" time="0"/>
  <testcase classname="com.blade.BladeTest" name="testStart" time="0.014"/>
  <testcase classname="com.blade.BladeTest" name="testAppName" time="0"/>
  <testcase classname="com.blade.BladeTest" name="testGZIP" time="0"/>
  <testcase classname="com.blade.BladeTest" name="testExceptionHandler" time="0"/>
  <testcase classname="com.blade.BladeTest" name="testWatchEnvChange" time="0"/>
  <testcase classname="com.blade.BladeTest" name="testAddStatics" time="0"/>
  <testcase classname="com.blade.BladeTest" name="testSessionType" time="0"/>
  <testcase classname="com.blade.BladeTest" name="testTemplate" time="0"/>
  <testcase classname="com.blade.BladeTest" name="testShowFileList" time="0"/>
  <testcase classname="com.blade.BladeTest" name="testWebSocket" time="0"/>
  <testcase classname="com.blade.BladeTest" name="testGetBean" time="0"/>
  <testcase classname="com.blade.BladeTest" name="testRegister" time="0"/>
  <testcase classname="com.blade.BladeTest" name="testOnStarted" time="0.012"/>
  <testcase classname="com.blade.BladeTest" name="testListenAddress" time="5.452"/>
  <testcase classname="com.blade.BladeTest" name="testRouteCode" time="0.022"/>
  <testcase classname="com.blade.BladeTest" name="testDevMode" time="0"/>
  <testcase classname="com.blade.BladeTest" name="testEnableCors" time="0"/>
  <testcase classname="com.blade.BladeTest" name="testListen" time="4.417"/>
  <testcase classname="com.blade.BladeTest" name="testStartedEvent" time="0.001"/>
</testsuite>